<?xml version="1.0" encoding="UTF-8"?>
<!-- Generated by org.testng.reporters.JUnitXMLReporter -->
<testsuite hostname="GYANESH-PC" ignored="0" name="Default test" tests="3" failures="0" timestamp="17 Nov 2019 18:16:43 GMT" time="30.986" errors="0">
  <testcase name="loginPageTitleTest" time="0.036" classname="com.qa.flipkart.tests.LoginTest"/>
  <testcase name="loginLinkTest" time="0.104" classname="com.qa.flipkart.tests.LoginTest"/>
  <testcase name="validLogin" time="0.564" classname="com.qa.flipkart.tests.LoginTest"/>
</testsuite> <!-- Default test -->
