<?xml version="1.0" encoding="UTF-8"?>
<testng-results skipped="0" failed="0" ignored="0" total="3" passed="3">
  <reporter-output>
  </reporter-output>
  <suite name="Default suite" duration-ms="30986" started-at="2019-11-17T18:16:12Z" finished-at="2019-11-17T18:16:43Z">
    <groups>
    </groups>
    <test name="Default test" duration-ms="30986" started-at="2019-11-17T18:16:12Z" finished-at="2019-11-17T18:16:43Z">
      <class name="com.qa.flipkart.tests.LoginTest">
        <test-method status="PASS" signature="setUp()[pri:0, instance:com.qa.flipkart.tests.LoginTest@46d56d67]" name="setUp" is-config="true" duration-ms="8479" started-at="2019-11-17T23:46:12Z" finished-at="2019-11-17T23:46:21Z">
          <reporter-output>
          </reporter-output>
        </test-method> <!-- setUp -->
        <test-method status="PASS" signature="loginPageTitleTest()[pri:1, instance:com.qa.flipkart.tests.LoginTest@46d56d67]" name="loginPageTitleTest" duration-ms="36" started-at="2019-11-17T23:46:21Z" finished-at="2019-11-17T23:46:21Z">
          <reporter-output>
          </reporter-output>
        </test-method> <!-- loginPageTitleTest -->
        <test-method status="PASS" signature="tearDown()[pri:0, instance:com.qa.flipkart.tests.LoginTest@46d56d67]" name="tearDown" is-config="true" duration-ms="869" started-at="2019-11-17T23:46:21Z" finished-at="2019-11-17T23:46:21Z">
          <reporter-output>
          </reporter-output>
        </test-method> <!-- tearDown -->
        <test-method status="PASS" signature="setUp()[pri:0, instance:com.qa.flipkart.tests.LoginTest@46d56d67]" name="setUp" is-config="true" duration-ms="9014" started-at="2019-11-17T23:46:21Z" finished-at="2019-11-17T23:46:30Z">
          <reporter-output>
          </reporter-output>
        </test-method> <!-- setUp -->
        <test-method status="PASS" signature="loginLinkTest()[pri:2, instance:com.qa.flipkart.tests.LoginTest@46d56d67]" name="loginLinkTest" duration-ms="104" started-at="2019-11-17T23:46:30Z" finished-at="2019-11-17T23:46:31Z">
          <reporter-output>
          </reporter-output>
        </test-method> <!-- loginLinkTest -->
        <test-method status="PASS" signature="tearDown()[pri:0, instance:com.qa.flipkart.tests.LoginTest@46d56d67]" name="tearDown" is-config="true" duration-ms="725" started-at="2019-11-17T23:46:31Z" finished-at="2019-11-17T23:46:31Z">
          <reporter-output>
          </reporter-output>
        </test-method> <!-- tearDown -->
        <test-method status="PASS" signature="setUp()[pri:0, instance:com.qa.flipkart.tests.LoginTest@46d56d67]" name="setUp" is-config="true" duration-ms="10377" started-at="2019-11-17T23:46:31Z" finished-at="2019-11-17T23:46:42Z">
          <reporter-output>
          </reporter-output>
        </test-method> <!-- setUp -->
        <test-method status="PASS" signature="validLogin()[pri:3, instance:com.qa.flipkart.tests.LoginTest@46d56d67]" name="validLogin" duration-ms="564" started-at="2019-11-17T23:46:42Z" finished-at="2019-11-17T23:46:42Z">
          <reporter-output>
          </reporter-output>
        </test-method> <!-- validLogin -->
        <test-method status="PASS" signature="tearDown()[pri:0, instance:com.qa.flipkart.tests.LoginTest@46d56d67]" name="tearDown" is-config="true" duration-ms="783" started-at="2019-11-17T23:46:42Z" finished-at="2019-11-17T23:46:43Z">
          <reporter-output>
          </reporter-output>
        </test-method> <!-- tearDown -->
      </class> <!-- com.qa.flipkart.tests.LoginTest -->
    </test> <!-- Default test -->
  </suite> <!-- Default suite -->
</testng-results>
